ERROR: 
âŒ TEST FAILED: Operation `environmentaldatas.findOne()` buffering timed out after 10000ms
ERROR: Stack: MongooseError: Operation `environmentaldatas.findOne()` buffering timed out after 10000ms
    at Timeout._onTimeout (C:\Users\rocke\OneDrive\Desktop\Trivoo-hackathon\backend\node_modules\mongoose\lib\drivers\node-mongodb-native\collection.js:131:25)
    at listOnTimeout (node:internal/timers:605:17)
    at process.processTimers (node:internal/timers:541:7)
â³ Waiting 2 seconds before next test...


ğŸ’¡ TEST 2: Project Insight Analysis
ğŸ“‹ Node 1: Validating inputs...
âœ… Input validation passed
ğŸŒ Node 2: Analyzing environmental factors...
âœ… Environmental analysis completed
   Soil compatible: true
   Drought risk: low
âš ï¸ Node 3: Calculating risk scores...
âœ… Risk score calculated: 0/100 (low)
ğŸ¤– Node 4: Running AI analysis...
ğŸ¤– Calling Grok API...
ERROR: âŒ Grok API error: [object Object]
âš ï¸ grok/grok-beta failed, trying next fallback...
ğŸ”„ Falling back to Gemini (gemini-2.0-flash-exp)...
ERROR: âŒ Gemini (gemini-2.0-flash-exp) error: Cannot read properties of undefined (reading 'replace')
âš ï¸ gemini/gemini-2.0-flash-exp failed, trying next fallback...
ğŸ”„ Falling back to Gemini (gemini-1.5-pro)...
ERROR: âŒ Gemini (gemini-1.5-pro) error: Cannot read properties of undefined (reading 'replace')
âš ï¸ gemini/gemini-1.5-pro failed, trying next fallback...
ğŸ”„ Falling back to Gemini (gemini-1.5-flash)...
ERROR: âŒ Gemini (gemini-1.5-flash) error: Cannot read properties of undefined (reading 'replace')
âš ï¸ gemini/gemini-1.5-flash failed, trying next fallback...
ERROR: âŒ LLM Error: Error: All AI models failed. Last error: Cannot read properties of undefined (reading 'replace')
âŒ LLM failed, ending workflow
ERROR: 
âŒ â•â•â•â•â•â•â•â•â•â•â•â•â•â•â•â•â•â•â•â•â•â•â•â•â•â•â•â•â•â•â•â•â•â•â•â•â•â•â•â•â•â•â•â•â•â•â•â•â•â•â•
ERROR: âŒ Analysis Failed!
ERROR: âŒ â•â•â•â•â•â•â•â•â•â•â•â•â•â•â•â•â•â•â•â•â•â•â•â•â•â•â•â•â•â•â•â•â•â•â•â•â•â•â•â•â•â•â•â•â•â•â•â•â•â•â•
ERROR: Error: Workflow errors: LLM reasoning error: All AI models failed. Last error: Cannot read properties of undefined (reading 'replace')

ERROR: 
âŒ TEST FAILED: Workflow errors: LLM reasoning error: All AI models failed. Last error: Cannot read properties of undefined (reading 'replace')
ERROR: Stack: Error: Workflow errors: LLM reasoning error: All AI models failed. Last error: Cannot read properties of undefined (reading 'replace')
    at analyzeSuitability (file:///C:/Users/rocke/OneDrive/Desktop/Trivoo-hackathon/backend/aiAgents/suitabilityAgentGrok.js:460:19)
    at async testSuitabilityAnalysis (file:///C:/Users/rocke/OneDrive/Desktop/Trivoo-hackathon/backend/test-grok-agents.js:57:24)
    at async runAllTests (file:///C:/Users/rocke/OneDrive/Desktop/Trivoo-hackathon/backend/test-grok-agents.js:151:27)
â³ Waiting 2 seconds before next test...


ğŸ’¡ TEST 2: Project Insight Analysis
